Command line:
   decoder_isim_beh.exe
     -simmode  gui
     -simrunnum  0
     -socket  55813

Wed Apr 20 18:18:57 2016


 Elaboration Time: 0.03 sec

 Current Memory Usage: 196.112 Meg

 Total Signals          : 33
 Total Nets             : 372
 Total Signal Drivers   : 25
 Total Blocks           : 4
 Total Primitive Blocks : 4
 Total Processes        : 25
 Total Traceable Variables  : 18
 Total Scalar Nets and Variables : 860
Total Line Count : 25

 Total Simulation Time: 0.04 sec

 Current Memory Usage: 271.614 Meg

Wed Apr 20 18:19:06 2016

