Command line:
   singleCoreProcessor_tb_isim_beh.exe
     -simmode  gui
     -simrunnum  0
     -socket  45972

Sat Apr  2 18:50:59 2016


 Elaboration Time: 0.06 sec

 Current Memory Usage: 200.577 Meg

 Total Signals          : 193
 Total Nets             : 2962
 Total Signal Drivers   : 175
 Total Blocks           : 80
 Total Primitive Blocks : 76
 Total Processes        : 174
 Total Traceable Variables  : 89
 Total Scalar Nets and Variables : 1052629
Total Line Count : 271

 Total Simulation Time: 0.99 sec

 Current Memory Usage: 276.079 Meg

Sat Apr  2 18:52:44 2016

