Command line:
   DualPortMemory_isim_beh.exe
     -simmode  gui
     -simrunnum  0
     -socket  53646

Wed Mar 23 15:54:47 2016


 Elaboration Time: 0.05 sec

 Current Memory Usage: 197.018 Meg

 Total Signals          : 7
 Total Nets             : 130
 Total Signal Drivers   : 2
 Total Blocks           : 5
 Total Primitive Blocks : 5
 Total Processes        : 2
 Total Traceable Variables  : 17
 Total Scalar Nets and Variables : 1049089
Total Line Count : 6

 Total Simulation Time: 0.07 sec

 Current Memory Usage: 272.519 Meg

Wed Mar 23 15:54:50 2016

